<?xml version="1.0" encoding="UTF-8"?>
<!-- Generated by org.testng.reporters.JUnitXMLReporter -->
<testsuite hostname="Venturedive" name="ByStoredPartBooking" tests="4" failures="0" timestamp="14 Jul 2017 15:34:43 GMT" time="106.71" errors="0">
  <testcase name="Step1" time="11.238" classname="Bystored.FourstepsWizard"/>
  <testcase name="Step2" time="13.055" classname="Bystored.FourstepsWizard"/>
  <testcase name="Step3" time="24.516" classname="Bystored.FourstepsWizard"/>
  <testcase name="Step4" time="21.286" classname="Bystored.FourstepsWizard"/>
</testsuite> <!-- ByStoredPartBooking -->
