<?xml version="1.0" encoding="UTF-8"?>
<!-- Generated by org.testng.reporters.JUnitXMLReporter -->
<testsuite hostname="Venturedive" name="ByStoredPart2" tests="4" failures="0" timestamp="14 Jul 2017 16:09:03 GMT" time="81.128" errors="0">
  <testcase name="LoginBooking" time="26.044" classname="Bystored.LoginWithRegisteredUser"/>
  <testcase name="MakeLogin" time="6.198" classname="Bystored.LoginWithRegisteredUser"/>
  <testcase name="confirmBooking" time="15.375" classname="Bystored.LoginWithRegisteredUser"/>
  <testcase name="CheckNewPickup" time="7.921" classname="Bystored.LoginWithRegisteredUser"/>
</testsuite> <!-- ByStoredPart2 -->
